<?xml version="1.0" encoding="UTF-8"?>
<beans xmlns="http://www.springframework.org/schema/beans" 
	xmlns:xsi="http://www.w3.org/2001/XMLSchema-instance"
	xmlns:context="http://www.springframework.org/schema/context"  
    xmlns:util="http://www.springframework.org/schema/util"
    xmlns:jdbc="http://www.springframework.org/schema/jdbc"  
	xmlns:tx="http://www.springframework.org/schema/tx"
	xmlns:mvc="http://www.springframework.org/schema/mvc"
	xmlns:dubbo="http://code.alibabatech.com/schema/dubbo" 
    xsi:schemaLocation="
		http://www.springframework.org/schema/beans http://www.springframework.org/schema/beans/spring-beans-4.1.xsd
		http://www.springframework.org/schema/context http://www.springframework.org/schema/context/spring-context-4.1.xsd
		http://www.springframework.org/schema/util http://www.springframework.org/schema/util/spring-util-4.1.xsd
		http://www.springframework.org/schema/jdbc http://www.springframework.org/schema/jdbc/spring-jdbc-4.1.xsd
		http://www.springframework.org/schema/tx http://www.springframework.org/schema/tx/spring-tx-4.1.xsd
		http://www.springframework.org/schema/mvc http://www.springframework.org/schema/mvc/spring-mvc-4.1.xsd
		http://code.alibabatech.com/schema/dubbo http://code.alibabatech.com/schema/dubbo/dubbo.xsd"
	default-lazy-init="true">
	
	<!-- 加载配置属性文件 -->
	<context:property-placeholder ignore-unresolvable="true" location="classpath:config/props/*.properties" />

	<!-- 加载应用属性实例，可通过  @Value("#{APP_PROP['jdbc.driver']}") String jdbcDriver 方式引用 -->
    <util:properties id="APP_PROP" location="classpath:config/props/*.properties" local-override="true"/>

	<context:component-scan base-package="com.rick.scaffold" />
	
	<bean id="dataSource" class="com.mchange.v2.c3p0.ComboPooledDataSource" destroy-method="close">
		<property name="driverClass" value="${db.driver}" />
		<property name="jdbcUrl" value="${db.url}" />
		<property name="user" value="${db.user}" />
		<property name="password" value="${db.password}" />
		<property name="initialPoolSize" value="${connection_pools.initial_pool_size}" />
		<property name="minPoolSize" value="${connection_pools.min_pool_size}" />
		<property name="maxPoolSize" value="${connection_pools.max_pool_size}" />
		<property name="maxIdleTime" value="${connection_pools.max_idle_time}" />
		<property name="acquireIncrement" value="${connection_pools.acquire_increment}" />
		<property name="checkoutTimeout" value="${connection_pools.checkout_timeout}" />
	</bean>
	
	<!-- MyBatis begin -->
    <bean id="sqlSessionFactory" class="org.mybatis.spring.SqlSessionFactoryBean">
        <property name="dataSource" ref="dataSource"/>
        <property name="typeAliasesPackage" value="com.rick.scaffold"/>
        <property name="typeAliasesSuperType" value="com.rick.scaffold.core.entity.generic.BaseEntity"/>
        <property name="mapperLocations" value="classpath:mappings/**/*.xml"/>
		<property name="configLocation" value="classpath:config/mybatis/mybatis-config.xml"></property>
    </bean>
    
    <!-- 扫描basePackage下所有以@MyBatisDao注解的接口 -->
    <bean id="mapperScannerConfigurer" class="org.mybatis.spring.mapper.MapperScannerConfigurer">
        <property name="sqlSessionFactoryBeanName" value="sqlSessionFactory" />
        <property name="basePackage" value="com.rick.scaffold.core.dao"/>
        <property name="annotationClass" value="com.rick.scaffold.common.persistence.annotation.MyBatisDao"/>
    </bean>
    
    <!-- 定义事务 -->
	<bean id="transactionManager" class="org.springframework.jdbc.datasource.DataSourceTransactionManager">
		<property name="dataSource" ref="dataSource" />
	</bean>
	
	<!-- 配置 Annotation 驱动，扫描@Transactional注解的类定义事务  -->
	<tx:annotation-driven transaction-manager="transactionManager" proxy-target-class="true"/>
    <!-- MyBatis end -->
    
    <!-- 默认的注解映射的支持，org.springframework.web.servlet.mvc.method.annotation.RequestMappingHandlerMapping -->
	<mvc:annotation-driven content-negotiation-manager="contentNegotiationManager">
		<mvc:message-converters register-defaults="true">
			<!-- 将StringHttpMessageConverter的默认编码设为UTF-8 -->
			<bean class="org.springframework.http.converter.StringHttpMessageConverter">
		    	<constructor-arg value="UTF-8" />
		    	<property name="writeAcceptCharset" value="false" />
			</bean>
			<!-- 将Jackson2HttpMessageConverter的默认格式化输出为false -->
			<bean class="org.springframework.http.converter.json.MappingJackson2HttpMessageConverter">
                <property name="supportedMediaTypes">
                	<list><value>application/json;charset=UTF-8</value></list>
                </property>
                <property name="prettyPrint" value="false"/>
                <property name="objectMapper">  
                    <bean class="com.rick.scaffold.common.jsontool.JsonMapper"></bean>  
                </property> 
            </bean>
		</mvc:message-converters>
	</mvc:annotation-driven>
	
	<!-- REST中根据URL后缀自动判定Content-Type及相应的View -->
	<bean id="contentNegotiationManager" class="org.springframework.web.accept.ContentNegotiationManagerFactoryBean">
	    <property name="mediaTypes" >
	        <map> 
                <entry key="json" value="application/json"/> 
            </map>
	    </property>
        <property name="ignoreAcceptHeader" value="true"/>
        <property name="favorPathExtension" value="true"/>
	</bean>
	
	<!-- 定义视图文件解析 -->
	<bean class="org.springframework.web.servlet.view.InternalResourceViewResolver">
		<property name="prefix" value="${web.view.prefix}"/>
		<property name="suffix" value="${web.view.suffix}"/>
	</bean>

	<!-- 对静态资源文件的访问， 将无法mapping到Controller的path交给default servlet handler处理 -->
	<mvc:default-servlet-handler />
	
	<!-- 静态资源映射 -->
    <mvc:resources mapping="/static/**" location="/static/" cache-period="31536000"/>
    
	<bean id="jedisPoolConfig" class="redis.clients.jedis.JedisPoolConfig">
		<property name="maxIdle" value="300" /> <!-- 最大能够保持idle状态的对象数  -->
		<property name="maxTotal" value="60000" /> <!-- 最大分配的对象数 -->
		<property name="testOnBorrow" value="true" /> <!-- 当调用borrow Object方法时，是否进行有效性检查 -->
	</bean>
	
	<bean id="jedisPool" class="redis.clients.jedis.JedisPool">
		<constructor-arg index="0" ref="jedisPoolConfig" />
		<constructor-arg index="1" value="${redis.host}"  type="String"/>
		<constructor-arg index="2" value="${redis.port}" type="int" />
	</bean>
	
	<!-- 消费方应用名，用于计算依赖关系，不是匹配条件，不要与提供方一样 -->  
    <dubbo:application name="consumer-of-rz-search"/>  
    
    <dubbo:registry address="zookeeper://127.0.0.1:2181" client="zkclient"/>  
    
    <!-- 生成远程服务代理，可以和本地bean一样使用demoService -->  
    <dubbo:reference id="searchService" interface="com.rick.scaffold.soa.search.service.UserSearch" />
	
	<!-- ES 
	<import resource="classpath:test-spring-search.xml" /> -->
	
</beans>