<?xml version="1.0" encoding="UTF-8"?>
<beans xmlns="http://www.springframework.org/schema/beans" 
	xmlns:xsi="http://www.w3.org/2001/XMLSchema-instance"
	xmlns:dubbo="http://code.alibabatech.com/schema/dubbo" 
    xsi:schemaLocation="
		http://www.springframework.org/schema/beans http://www.springframework.org/schema/beans/spring-beans-4.1.xsd
		http://code.alibabatech.com/schema/dubbo http://code.alibabatech.com/schema/dubbo/dubbo.xsd"
	default-lazy-init="true">
	
	<!-- 消费方应用名，用于计算依赖关系，不是匹配条件，不要与提供方一样 -->  
    <dubbo:application name="consumer-of-rz-search"/>  
    
    <dubbo:registry address="zookeeper://${zoo.address1}" client="zkclient"/>  
    
    <!-- 生成远程服务代理，可以和本地bean一样使用demoService -->  
    <dubbo:reference id="userSearch" interface="com.rick.scaffold.soa.search.service.UserSearch" />  
    <dubbo:reference id="productSearch" interface="com.rick.scaffold.soa.search.service.ProductSearch" />  
	
</beans>